999
1
4
7
17
387
3
16
454 470
5
21
33
636 721
19
11
13
14
471 511
415 471
9
22
23
28
90
24
89
29
39
34
41
77
25
111
83
45
168 169
43
169 204
131 169
38
48
110
139
87
56
625 661
63
103
50
35
70
98
100
74
78
196
113
92
121
410 469
62
127
120
174
148
81
125
109
154
145
140
136
138 169
73
135
208
167
149
106
202
142
75
60
197
184
178
187
122
141
994
181
166
179
194
467
211
228
189
192
105 108
159
193
205
251
222
213
286
209
474 511
210
245
201
219
216
112
132
176
164
287
239
233
230
283
261
277
254
217
229
212
107
258
260
265
247
177
292
268
435
232
275
272
301
274
203
302
241
225
235
314
342
284
42
673 721
276
186
294
279
300
170
320
267
255
356
305
323
313
281
328
296
278
299
240
389
325
309
316
79 91
334
303
282
348
311
319
220
745
298
572 581
315
332
354
370
352
317
357
312
358
308
482 511
351
468
361
360
362
364
347
329
333
430
429
326
450
340
349
374
377
346
378
432 470
367
411
396
416
381
393
391
397
502
425
49 51
400
293
472
436
412
440
404
379
423
406
446
477
559
479
433
421
439
442
420
165 169
380
530
493
551
462
560
514
441
457
463
480
451
473
369
486
488
483
456
526
554
500
520
726 744
431
737 744
497
505
485
499
507
489
549
460
533
448
271 289
516
536
539
506
372 392
350 372
453
509
515
550
556
591
605
588
570
538
508
546
532
555
540
592
611
616
642
259 263
504
491
626
629
594
567
596
541
519
669
687
531
644
557
561
565
584
575
735 744
574
627
602
614
610
623
576
641
597
569
645
638
706
606
604
663
688
613
680
646
71 88
654
679
693
621
656
678
668 721
658
652
640
647
639
736
650
667
682
727
724
718
719
704
671
655
879 894
649
884 894
648
692
702
712
723
728
730
872 894
725
593
732
694
195 242
677
756
747
729
690
778
739
779
754
722
978
708
672
733
772
836
777
757
771
691
787
746
743
741
977 995
755
768
707
738
786
713
742
951
764
803
792
831
766
784
53 88
802
761
775
748
906
812
830
807
821
860
780
801 814
767
799
804
827
829
867
823
820
785
848
845
851
843
811
874
859
133 162
815
355 372
869
864
865
922
791
819
886
913
844
839
790
842
954
899
850
877
890
826
409 470
408 409
383 408
734
852
870
970
878
855
863
849
880
776
889
875
888
936
809
921
895
944
923
896
887
924
914
959
414 469
822
975
905
931
971
46 51
893
986
948
987
925
935
938
992
998
917
976
942
962
900
972
964
18 20
907
908
939
10 15
955
20 27
15 20
8 15
0 8
926
854
30 51
933
989
31 51
969
997
12 15
2 8
6 8
963
32 88
26 27
966
983
40 51
950
47 51
27 88
44 88
36 51
37 51
51 88
52 88
54 88
55 91
57 88
58 88
59 88
61 88
64 88
65 91
66 88
67 91
68 88
69 88
72 91
76 88
80 88
82 88
84 88
85 88
86 88
88 91
91 94
93 94
94 108
96 108
95 114
97 108
99 108
101 108
102 108
104 108
108 118
115 118
114 118
116 118
117 118
118 162
119 162
123 162
124 162
126 162
128 162
129 162
130 162
134 162
137 169
143 162
144 162
146 162
147 162
150 162
151 169
152 162
153 169
155 162
156 169
157 162
158 162
160 162
161 162
162 169
163 169
171 183
172 183
173 183
175 183
180 183
182 183
183 204
185 204
188 204
190 242
191 242
198 204
199 204
200 204
204 242
206 242
207 249
214 242
215 242
218 242
221 242
223 242
224 242
226 242
227 242
231 242
234 242
236 242
237 242
238 242
242 249
243 249
244 249
246 249
248 249
249 262
250 262
252 262
253 262
256 262
257 262
262 263
263 289
264 289
266 289
269 289
270 289
273 289
280 341
285 289
288 289
289 339
290 339
291 339
295 339
297 339
304 339
306 339
307 339
310 339
318 339
321 339
322 339
324 339
327 339
330 339
331 339
335 339
336 339
337 339
338 339
339 341
341 344
343 344
344 372
353 372
345 392
359 372
363 372
365 372
366 392
368 372
371 372
373 392
375 392
376 392
382 392
384 392
385 392
386 392
388 392
390 392
392 408
394 408
395 408
398 408
399 408
401 408
402 469
403 408
405 409
407 408
413 469
417 469
418 469
419 470
422 469
424 469
426 469
427 469
428 469
434 469
437 469
438 469
443 469
444 470
445 469
447 469
449 469
452 469
455 469
458 469
459 469
461 469
464 469
465 469
466 471
469 471
470 471
478 511
475 511
476 511
481 511
484 511
487 511
490 521
492 511
494 511
495 511
496 511
498 511
501 511
503 511
510 511
511 521
513 521
512 521
517 521
518 521
521 553
523 553
522 543
524 543
525 543
527 543
528 553
529 543
534 543
535 543
537 543
542 543
543 553
544 553
545 553
547 553
548 553
552 581
553 581
558 581
562 581
563 581
564 615
566 619
568 615
571 581
573 581
577 581
578 581
579 581
580 615
581 615
582 615
583 615
585 615
586 615
587 615
589 615
590 615
595 615
598 615
599 615
600 615
601 615
603 615
607 615
608 619
609 615
612 615
615 619
618 619
617 619
619 721
628 721
620 795
622 661
624 661
630 661
631 661
632 661
633 721
634 661
635 661
637 661
643 661
651 661
653 661
657 661
659 661
660 661
661 795
696 795
662 721
664 721
665 721
666 721
670 744
674 721
675 721
676 721
681 721
683 721
684 721
685 721
686 721
689 744
695 744
697 721
698 721
699 721
700 721
701 721
703 721
705 721
709 721
710 721
711 721
714 744
715 721
716 721
717 744
720 721
721 796
770 796
731 744
740 744
744 795
749 795
750 795
751 797
752 795
753 795
758 795
759 795
760 795
762 795
763 795
765 796
769 795
773 795
774 795
781 795
782 796
783 795
788 795
789 796
793 795
794 795
795 796
796 797
797 814
798 814
800 814
805 814
806 814
808 814
810 814
813 814
814 837
817 837
816 847
818 837
824 847
825 837
828 837
832 837
833 861
834 847
835 861
837 861
841 861
838 847
840 847
846 861
847 861
856 861
853 894
857 861
858 861
861 894
868 894
862 894
866 995
871 894
873 894
876 894
881 894
882 995
883 894
885 929
904 929
891 995
892 995
894 995
897 995
898 995
901 995
902 995
903 995
909 995
910 995
911 995
912 960
915 929
916 995
918 929
919 995
920 995
927 995
928 995
929 960
937 960
930 995
932 995
934 995
940 995
941 995
943 995
945 995
946 995
947 995
949 995
952 995
953 995
956 995
957 995
958 995
960 995
961 995
965 995
967 995
968 995
973 995
974 995
979 982
980 995
981 995
982 995
984 995
985 995
988 991
990 995
991 993
993 995
995 996
996 999

