1001
0
1655
28
269
19
8749
73
916
197
37
2692
152
451
229
35
63499
3104
65
164
453
561
358
329
476
8610
445
521
60
1037
180
154
596
613
1301
1075
2817
3109
5373
1796
1033
555
89
23
6545
4739
1085
3062
6934
184
29
4264
2241
1931
956
779
41
403
1516
864
845
1296
766
273
850
181
304
1290
330
6905
1845
2349
3117
1739
1768
9009
9061
1415
340
1243
221
2185
926
1101
22
1323
1361
4948
1987
7187
1512
554
2051
2165
5505
3232
2960
2203
182
7043
549
705
3401
2493
765
1674
1100
2574
2187
633
168
821
1801
4706
1747
8156
503
4162
25210
1225
8028
681
1742
4426
1059
1496
610
1429
2011
3256
1828
1036
2968
2031
2614
1173
2947
2133
869
1459
1478
11
3429
1700
4476
612
572
155
1137
5653
2611
748
183
1277
17877
1611
704
119
1005
1929
1963
4167
5772
3219
2834
5260
1247
830
2948
1249
305
444
1876
6040
248
5701
534
853
803
249
672
762
366
4396
15796
2308
313
1665
169
11033
1735
4934
2090
2059
1536
1410
21
39
1007
2246
2452
11190
5192
2339
778
1144
178
9893
1675
276
2195
1292
818
3290
1094
5863
487
3341
2754
352
3084
2892
3483
896
4196
862
1018
5721
3774
6609
1635
75
1628
1521
842
775
45
2466
583
1755
1073
486
1704
514
4594
1154
114
294
2091
20632
2502
1439
696
2900
2941
7536
2938
5397
5276
7026
26574
1098
134
370
1162
1129
715
278
145
55
1200
2407
989
2190
2367
6291
1233
2794
13738
1188
279
4
2057
2580
2157
3215
6219
3369
5371
3712
3745
53670
11331
4057
4298
35108
1138
2036
2138
2649
2065
3512
2988
985
4070
751
2762
1913
1541
300
23347
881
7098
1519
527
1454
26317
4863
913
124
3662
6184
473
466
1495
5454
6397
7217
2707
2127
2063
556
6724
996
2017
1149
44
126
199
683
15183
5761
5156
1175
1647
2055
2479
9419
4312
5889
4412
1254
2737
2066
918
1905
4848
1388
1474
2512
3592
1798
4497
2300
3508
1373
11289
13745
6500
2342
2746
2966
3954
1256
3042
2993
2462
1879
2769
3380
807
3972
2497
3605
3509
2783
10298
2041
571
5993
4192
4012
416
2767
11181
1509
8752
5131
6092
3463
5250
1682
2763
2899
6383
2
167
108
210
135
15430
1274
5058
2042
4147
3522
11874
1524
802
1420
2079
4041
2004
2251
1955
2965
2652
3978
8835
7675
4058
8049
3310
1651
3067
9082
1554
8609
1187
1389
1244
258
789
1039
268
1676
11392
1051
1125
950
2181
3673
3897
3189
2070
1452
3102
204
4401
2372
4320
3170
1547
2149
3822
3270
1934
16945
2705
2216
3020
3457
13460
1980
2298
676
2559
6484
2448
3389
6576
2587
12797
412
986
769
625
569
5607
2173
1061
4577
40
3921
1201
531
2341
2729
3479
3378
954
302
470
568
469
1004
933
2395
2781
6320
2862
1695
509
2602
9263
3937
3553
7322
6777
1776
1942
285
8253
4006
12972
6401
4867
5878
1314
4999
1106
1240
462
118
191
9
298
344
69
271
1427
1707
3953
3255
1049
43
176
459
2319
1246
1534
394
216
2581
5570
6357
6435
1169
959
3507
3017
7619
7814
6880
2428
1706
3714
2597
2403
500
282
1142
574
9376
7422
10161
5084
7415
3919
1968
39874
4616
9932
8474
9749
3484
5758
2596
2072
4539
4440
1346
3318
1874
5025
5789
7956
9057
10997
1264
2214
505
4028
27123
6033
960
5677
1057
3301
16525
3696
1565
2196
5037
2509
801
404
213
53
1182
2409
2008
7712
5888
2026
1332
2400
447
54
4171
1457
4625
5950
19805
2955
1886
2847
3695
428
948
5193
6307
4254
4846
2848
2169
2765
11457
10017
5683
714
530
682
5185
6970
8898
4020
8031
2600
2850
6023
925
2575
2791
13798
10740
5964
1904
7265
1773
2273
4839
5440
4824
1260
7551
4715
2567
3095
2389
6311
14342
31158
4009
2422
10609
6479
2510
2508
1650
1745
430
2426
28163
1206
797
1030
1434
8937
3031
6111
5528
8698
2199
4721
4727
7048
7365
9779
5741
2321
4841
7826
8059
4557
6852
7903
8223
3808
3853
2608
9868
5924
5199
5973
10394
6297
3492
5100
4834
7510
5994
10752
8029
3460
6505
18203
2463
2350
1463
346
1174
4961
3087
6166
4940
5230
8365
7297
1267
235
13002
4726
8495
28596
1289
6364
1372
1551
18566
7255
7544
7449
4255
1117
4771
9982
11048
2926
5044
4574
3672
7232
5808
1672
621
1460
3755
6292
2016
11132
4813
3538
3416
1412
729
658
230
6866
5155
2511
49147
7932
6310
6874
7852
3126
10107
10358
6782
3442
9636
947
598
186
392
446
589
1446
405
1365
2607
9556
4608
3411
5488
6354
4267
6627
6016
8094
6846
1600
1398
961
1097
1072
2152
6624
8122
4821
4202
7118
1268
2431
2978
3183
1448
809
371
2496
1725
6089
1559
1279
799
601
3336
9748
4379
2330
2890
1585
4786
7311
4882
15129
3836
9830
6780
7780
1790
5837
2553
12174
8154
5916
6317
5325
5843
9864
10649
8218
5818
15617
3197
4796
8648
10099
5482
7541
2209
8088
3527
5644
10230
7398
3736
7734
3475
1297
912
293
566
722
4220
7331
5865
3424
5877
2561
9291
6607
6306
4103
8275
6493
4993
6910
3701
5150
3074
4491
1719
2118
1112
2368
2207
4637
3238
44895
3844
3417
16938
3205
5087
5176
7953
4014
9967
4105
12939
5262
11039
9492
9842
5383
2438
4290
348
6713
1657
878
62146
13215
7066
6655
2450
9422
9995
7132
29647
6405
3055
10245
5127
3106
5974
2218
5521
3366
636
982
7390
4508
825
1453
3179
4910
2252
4857
1197
897
1522
226
4172
1757
1762
4665
10935
2477
8554
6145
8829
2787
6662
6784
2481
2625
3967
2857
4269
3927
2788
3923
3248
4582
2180
8294
7490
6404
38143

